<?xml version="1.0" encoding="UTF-8"?>
<!-- Generated by org.testng.reporters.JUnitReportReporter -->
<testsuite hostname="VID-THAONTP97-L" failures="0" tests="1" name="com.onemount.ObjectMappingDemo" time="3.686" errors="0" timestamp="2021-11-21T15:51:05 ICT" skipped="0">
  <testcase classname="com.onemount.ObjectMappingDemo" name="objectMappingUsingSpecifiedMapper" time="3.686"/>
  <system-out/>
</testsuite> <!-- com.onemount.ObjectMappingDemo -->
