<?xml version="1.0" encoding="UTF-8"?>
<!-- Generated by org.testng.reporters.JUnitReportReporter -->
<testsuite hostname="VID-THAONTP97-L" failures="0" tests="1" name="com.onemount.RepeatingItemDemo" time="1.977" errors="0" timestamp="2021-11-18T18:41:44 ICT" skipped="0">
  <testcase classname="com.onemount.RepeatingItemDemo" name="repeatingItem" time="1.977"/>
  <system-out/>
</testsuite> <!-- com.onemount.RepeatingItemDemo -->
