<?xml version="1.0" encoding="UTF-8"?>
<!-- Generated by org.testng.reporters.JUnitReportReporter -->
<testsuite hostname="VID-THAONTP97-L" failures="0" tests="2" name="com.onemount.GlobalContainsDemo" time="2.666" errors="0" timestamp="2021-11-22T00:24:22 ICT" skipped="0">
  <testcase classname="com.onemount.GlobalContainsDemo" name="testTowUsing" time="0.300"/>
  <system-out/>
  <testcase classname="com.onemount.GlobalContainsDemo" name="testOneUsing" time="2.366"/>
  <system-out/>
</testsuite> <!-- com.onemount.GlobalContainsDemo -->
