<?xml version="1.0" encoding="UTF-8"?>
<!-- Generated by org.testng.reporters.JUnitReportReporter -->
<testsuite hostname="VID-THAONTP97-L" failures="0" tests="1" name="com.onemount.ValidatableResponseDemo" time="3.235" errors="0" timestamp="2021-11-17T00:49:52 ICT" skipped="0">
  <testcase classname="com.onemount.ValidatableResponseDemo" name="basicValidatableExemple" time="3.235"/>
  <system-out/>
</testsuite> <!-- com.onemount.ValidatableResponseDemo -->
