<?xml version="1.0" encoding="UTF-8"?>
<!-- Generated by org.testng.reporters.JUnitReportReporter -->
<testsuite hostname="VID-THAONTP97-L" failures="0" tests="1" name="com.onemount.ResponseBodyDemo" time="1.991" errors="0" timestamp="2021-11-17T23:39:47 ICT" skipped="0">
  <testcase classname="com.onemount.ResponseBodyDemo" name="jsonPathReturnMap" time="1.991"/>
  <system-out/>
</testsuite> <!-- com.onemount.ResponseBodyDemo -->
