<?xml version="1.0" encoding="UTF-8"?>
<!-- Generated by org.testng.reporters.JUnitReportReporter -->
<testsuite hostname="VID-THAONTP97-L" failures="0" tests="2" name="com.onemount.HeadAndOptionsDemo" time="2.180" errors="0" timestamp="2021-11-21T16:42:23 ICT" skipped="0">
  <testcase classname="com.onemount.HeadAndOptionsDemo" name="headTest" time="1.717"/>
  <system-out/>
  <testcase classname="com.onemount.HeadAndOptionsDemo" name="optionsTest" time="0.463"/>
  <system-out/>
</testsuite> <!-- com.onemount.HeadAndOptionsDemo -->
