<?xml version="1.0" encoding="UTF-8"?>
<!-- Generated by org.testng.reporters.JUnitReportReporter -->
<testsuite hostname="VID-THAONTP97-L" failures="0" tests="1" name="com.onemount.RequestSpecificationDemo" time="2.880" errors="0" timestamp="2021-11-22T02:54:50 ICT" skipped="0">
  <testcase classname="com.onemount.RequestSpecificationDemo" name="testUsingLocalRequestSpec" time="2.880"/>
  <system-out/>
</testsuite> <!-- com.onemount.RequestSpecificationDemo -->
