<?xml version="1.0" encoding="UTF-8"?>
<!-- Generated by org.testng.reporters.JUnitReportReporter -->
<testsuite hostname="VID-THAONTP97-L" failures="0" tests="1" name="com.onemount.LoggingDemo" time="2.572" errors="0" timestamp="2021-11-23T00:03:10 ICT" skipped="0">
  <testcase classname="com.onemount.LoggingDemo" name="test" time="2.572"/>
  <system-out/>
</testsuite> <!-- com.onemount.LoggingDemo -->
