<?xml version="1.0" encoding="UTF-8"?>
<!-- Generated by org.testng.reporters.JUnitReportReporter -->
<testsuite hostname="VID-THAONTP97-L" failures="0" tests="1" name="com.onemount.DemoHamcresrMatchers" time="2.956" errors="0" timestamp="2021-11-17T01:11:39 ICT" skipped="0">
  <testcase classname="com.onemount.DemoHamcresrMatchers" name="demoHamcresrMatchers" time="2.956"/>
  <system-out/>
</testsuite> <!-- com.onemount.DemoHamcresrMatchers -->
